2018-10-01 14:18:07; cg-simulator, info: Listening to port 8088 (cg-simulator.cpp:23)
2018-10-01 14:18:29; cppcms_http, info: POST /simulator/langmuir (http_api.cpp:254)
2018-10-01 14:18:29; SimulatorResource, info: Mapped to /simulator relative to root resource. (simulator-resource.cpp:24)
2018-10-01 14:18:29; RootResource, info: Mapped to /cgs (root-resource.cpp:32)
2018-10-01 14:18:29; cppcms, error: Caught exception [Invalid JSON]
0x7fca54c709d6: booster::invalid_argument::invalid_argument(std::__cxx11::basic_string<char, std::char_traits<char>, std::allocator<char> > const&) + 0x76 in /localdisk/local/lib/libbcocg.so.0
0x7fca54c6fbca: bco::SimulatorResource::compute(std::__cxx11::basic_string<char, std::char_traits<char>, std::allocator<char> >) + 0x84a in /localdisk/local/lib/libbcocg.so.0
0x7fca54c70ed5: cppcms::url_dispatcher::url_binder<void (bco::SimulatorResource::*)(std::__cxx11::basic_string<char, std::char_traits<char>, std::allocator<char> >)>::operator()(cppcms::application&, booster::match_results<char const*> const&) + 0x345 in /localdisk/local/lib/libbcocg.so.0
0x7fca54955a7d: cppcms::url_dispatcher::dispatch(std::__cxx11::basic_string<char, std::char_traits<char>, std::allocator<char> >) + 0xfd in /localdisk/local/lib/libcppcms.so.1
0x7fca5491878f: cppcms::application::main(std::__cxx11::basic_string<char, std::char_traits<char>, std::allocator<char> >) + 0x4f in /localdisk/local/lib/libcppcms.so.1
0x7fca54957e97: ??? + 0x54957e97 in /localdisk/local/lib/libcppcms.so.1
0x7fca54955a7d: cppcms::url_dispatcher::dispatch(std::__cxx11::basic_string<char, std::char_traits<char>, std::allocator<char> >) + 0xfd in /localdisk/local/lib/libcppcms.so.1
0x7fca5491878f: cppcms::application::main(std::__cxx11::basic_string<char, std::char_traits<char>, std::allocator<char> >) + 0x4f in /localdisk/local/lib/libcppcms.so.1
0x7fca54949165: cppcms::http::context::dispatch(booster::intrusive_ptr<cppcms::application> const&, std::__cxx11::basic_string<char, std::char_traits<char>, std::allocator<char> > const&, bool) + 0xc5 in /localdisk/local/lib/libcppcms.so.1
0x7fca549494f8: cppcms::http::context::dispatch(booster::shared_ptr<cppcms::application_specific_pool> const&, booster::shared_ptr<cppcms::http::context> const&, std::__cxx11::basic_string<char, std::char_traits<char>, std::allocator<char> > const&) + 0x98 in /localdisk/local/lib/libcppcms.so.1
0x7fca5494bf71: cppcms::impl::thread_pool::worker() + 0xe1 in /localdisk/local/lib/libcppcms.so.1
0x7fca54660c3a: booster_thread_func + 0x1a in /localdisk/local/lib/libbooster.so.0
0x7fca532e26ba: ??? + 0x532e26ba in /lib/x86_64-linux-gnu/libpthread.so.0
0x7fca53d2641d: clone + 0x6d in /lib/x86_64-linux-gnu/libc.so.6
 (http_context.cpp:336)
2018-10-01 14:19:19; cppcms_http, info: GET /simulator/name (http_api.cpp:254)
2018-10-01 14:19:20; cppcms_http, info: GET /simulator/name (http_api.cpp:254)
2018-10-01 14:19:26; cppcms_http, info: GET /simulator/langmuir (http_api.cpp:254)
2018-10-01 14:24:27; cg-simulator, info: Listening to port 8088 (cg-simulator.cpp:23)
2018-10-01 14:24:27; cg-simulator, error: system: Address already in use (cg-simulator.cpp:29)
2018-10-01 14:24:38; cg-simulator, info: Listening to port 8088 (cg-simulator.cpp:23)
2018-10-01 14:24:41; cppcms_http, info: GET /simulator/langmuir (http_api.cpp:254)
2018-10-01 14:24:41; SimulatorResource, info: Mapped to /simulator relative to root resource. (simulator-resource.cpp:24)
2018-10-01 14:24:41; RootResource, info: Mapped to /cgs (root-resource.cpp:32)
2018-10-01 15:22:19; cg-simulator, info: Listening to port 8088 (cg-simulator.cpp:23)
2018-10-01 15:23:20; cg-simulator, info: Listening to port 8088 (cg-simulator.cpp:23)
2018-10-01 15:23:24; cppcms_http, info: POST /simulator/langmuir (http_api.cpp:254)
2018-10-01 15:23:24; SimulatorResource, info: Mapped to /simulator relative to root resource. (simulator-resource.cpp:24)
2018-10-01 15:23:24; RootResource, info: Mapped to /cgs (root-resource.cpp:32)
2018-10-01 15:23:24; cppcms, error: Caught exception [cppcms::json::bad_cast: Can't write undefined value to stream]
0x7f996fdc3c62: cppcms::json::bad_value_cast::bad_value_cast(std::__cxx11::basic_string<char, std::char_traits<char>, std::allocator<char> > const&) + 0x82 in /localdisk/local/lib/libcppcms.so.1
0x7f996fdc5674: cppcms::json::value::write_value(std::ostream&, int) const + 0x1d4 in /localdisk/local/lib/libcppcms.so.1
0x7f996fdc587c: cppcms::json::value::write(std::ostream&, int) const + 0x8c in /localdisk/local/lib/libcppcms.so.1
0x7f996fdc5951: cppcms::json::operator<<(std::ostream&, cppcms::json::value const&) + 0x11 in /localdisk/local/lib/libcppcms.so.1
0x7f99700b1e0f: bco::SimulatorResource::compute(std::__cxx11::basic_string<char, std::char_traits<char>, std::allocator<char> >) + 0x35f in /localdisk/local/lib/libbcocg.so.0
0x7f99700b4c45: cppcms::url_dispatcher::url_binder<void (bco::SimulatorResource::*)(std::__cxx11::basic_string<char, std::char_traits<char>, std::allocator<char> >)>::operator()(cppcms::application&, booster::match_results<char const*> const&) + 0x345 in /localdisk/local/lib/libbcocg.so.0
0x7f996fd99a7d: cppcms::url_dispatcher::dispatch(std::__cxx11::basic_string<char, std::char_traits<char>, std::allocator<char> >) + 0xfd in /localdisk/local/lib/libcppcms.so.1
0x7f996fd5c78f: cppcms::application::main(std::__cxx11::basic_string<char, std::char_traits<char>, std::allocator<char> >) + 0x4f in /localdisk/local/lib/libcppcms.so.1
0x7f996fd9be97: ??? + 0x6fd9be97 in /localdisk/local/lib/libcppcms.so.1
0x7f996fd99a7d: cppcms::url_dispatcher::dispatch(std::__cxx11::basic_string<char, std::char_traits<char>, std::allocator<char> >) + 0xfd in /localdisk/local/lib/libcppcms.so.1
0x7f996fd5c78f: cppcms::application::main(std::__cxx11::basic_string<char, std::char_traits<char>, std::allocator<char> >) + 0x4f in /localdisk/local/lib/libcppcms.so.1
0x7f996fd8d165: cppcms::http::context::dispatch(booster::intrusive_ptr<cppcms::application> const&, std::__cxx11::basic_string<char, std::char_traits<char>, std::allocator<char> > const&, bool) + 0xc5 in /localdisk/local/lib/libcppcms.so.1
0x7f996fd8d4f8: cppcms::http::context::dispatch(booster::shared_ptr<cppcms::application_specific_pool> const&, booster::shared_ptr<cppcms::http::context> const&, std::__cxx11::basic_string<char, std::char_traits<char>, std::allocator<char> > const&) + 0x98 in /localdisk/local/lib/libcppcms.so.1
0x7f996fd8ff71: cppcms::impl::thread_pool::worker() + 0xe1 in /localdisk/local/lib/libcppcms.so.1
0x7f996faa4c3a: booster_thread_func + 0x1a in /localdisk/local/lib/libbooster.so.0
0x7f996e7266ba: ??? + 0x6e7266ba in /lib/x86_64-linux-gnu/libpthread.so.0
0x7f996f16a41d: clone + 0x6d in /lib/x86_64-linux-gnu/libc.so.6
 (http_context.cpp:336)
2018-10-01 15:25:00; cg-simulator, info: Listening to port 8088 (cg-simulator.cpp:23)
2018-10-01 15:25:03; cppcms_http, info: POST /simulator/langmuir (http_api.cpp:254)
2018-10-01 15:25:03; SimulatorResource, info: Mapped to /simulator relative to root resource. (simulator-resource.cpp:24)
2018-10-01 15:25:03; RootResource, info: Mapped to /cgs (root-resource.cpp:32)
2018-10-01 15:25:03; cppcms, error: Caught exception [cppcms::json::bad_cast: Can't write undefined value to stream]
0x7fa93c17bc62: cppcms::json::bad_value_cast::bad_value_cast(std::__cxx11::basic_string<char, std::char_traits<char>, std::allocator<char> > const&) + 0x82 in /localdisk/local/lib/libcppcms.so.1
0x7fa93c17d674: cppcms::json::value::write_value(std::ostream&, int) const + 0x1d4 in /localdisk/local/lib/libcppcms.so.1
0x7fa93c17d87c: cppcms::json::value::write(std::ostream&, int) const + 0x8c in /localdisk/local/lib/libcppcms.so.1
0x7fa93c17d951: cppcms::json::operator<<(std::ostream&, cppcms::json::value const&) + 0x11 in /localdisk/local/lib/libcppcms.so.1
0x7fa93c469917: bco::SimulatorResource::compute(std::__cxx11::basic_string<char, std::char_traits<char>, std::allocator<char> >) + 0xc7 in /localdisk/local/lib/libbcocg.so.0
0x7fa93c46c5c5: cppcms::url_dispatcher::url_binder<void (bco::SimulatorResource::*)(std::__cxx11::basic_string<char, std::char_traits<char>, std::allocator<char> >)>::operator()(cppcms::application&, booster::match_results<char const*> const&) + 0x345 in /localdisk/local/lib/libbcocg.so.0
0x7fa93c151a7d: cppcms::url_dispatcher::dispatch(std::__cxx11::basic_string<char, std::char_traits<char>, std::allocator<char> >) + 0xfd in /localdisk/local/lib/libcppcms.so.1
0x7fa93c11478f: cppcms::application::main(std::__cxx11::basic_string<char, std::char_traits<char>, std::allocator<char> >) + 0x4f in /localdisk/local/lib/libcppcms.so.1
0x7fa93c153e97: ??? + 0x3c153e97 in /localdisk/local/lib/libcppcms.so.1
0x7fa93c151a7d: cppcms::url_dispatcher::dispatch(std::__cxx11::basic_string<char, std::char_traits<char>, std::allocator<char> >) + 0xfd in /localdisk/local/lib/libcppcms.so.1
0x7fa93c11478f: cppcms::application::main(std::__cxx11::basic_string<char, std::char_traits<char>, std::allocator<char> >) + 0x4f in /localdisk/local/lib/libcppcms.so.1
0x7fa93c145165: cppcms::http::context::dispatch(booster::intrusive_ptr<cppcms::application> const&, std::__cxx11::basic_string<char, std::char_traits<char>, std::allocator<char> > const&, bool) + 0xc5 in /localdisk/local/lib/libcppcms.so.1
0x7fa93c1454f8: cppcms::http::context::dispatch(booster::shared_ptr<cppcms::application_specific_pool> const&, booster::shared_ptr<cppcms::http::context> const&, std::__cxx11::basic_string<char, std::char_traits<char>, std::allocator<char> > const&) + 0x98 in /localdisk/local/lib/libcppcms.so.1
0x7fa93c147f71: cppcms::impl::thread_pool::worker() + 0xe1 in /localdisk/local/lib/libcppcms.so.1
0x7fa93be5cc3a: booster_thread_func + 0x1a in /localdisk/local/lib/libbooster.so.0
0x7fa93aade6ba: ??? + 0x3aade6ba in /lib/x86_64-linux-gnu/libpthread.so.0
0x7fa93b52241d: clone + 0x6d in /lib/x86_64-linux-gnu/libc.so.6
 (http_context.cpp:336)
2018-10-01 15:28:59; cg-simulator, info: Listening to port 8088 (cg-simulator.cpp:23)
2018-10-01 15:29:03; cppcms_http, info: POST /simulator/langmuir (http_api.cpp:254)
2018-10-01 15:29:03; SimulatorResource, info: Mapped to /simulator relative to root resource. (simulator-resource.cpp:24)
2018-10-01 15:29:03; RootResource, info: Mapped to /cgs (root-resource.cpp:32)
2018-10-01 15:30:24; cppcms_http, info: GET /simulator/langmuir (http_api.cpp:254)
2018-10-01 15:35:05; cg-simulator, info: Listening to port 8088 (cg-simulator.cpp:23)
2018-10-01 15:35:11; cppcms_http, info: POST /simulator/langmuir (http_api.cpp:254)
2018-10-01 15:35:11; SimulatorResource, info: Mapped to /simulator relative to root resource. (simulator-resource.cpp:24)
2018-10-01 15:35:11; RootResource, info: Mapped to /cgs (root-resource.cpp:32)
2018-10-01 15:35:57; cg-simulator, info: Listening to port 8088 (cg-simulator.cpp:23)
2018-10-01 15:36:01; cppcms_http, info: POST /simulator/langmuir (http_api.cpp:254)
2018-10-01 15:36:01; SimulatorResource, info: Mapped to /simulator relative to root resource. (simulator-resource.cpp:24)
2018-10-01 15:36:01; RootResource, info: Mapped to /cgs (root-resource.cpp:32)
2018-10-01 15:37:38; cg-simulator, info: Listening to port 8088 (cg-simulator.cpp:23)
2018-10-01 15:37:42; cppcms_http, info: POST /simulator/langmuir (http_api.cpp:254)
2018-10-01 15:37:42; SimulatorResource, info: Mapped to /simulator relative to root resource. (simulator-resource.cpp:24)
2018-10-01 15:37:42; RootResource, info: Mapped to /cgs (root-resource.cpp:32)
2018-10-01 15:39:04; cg-simulator, info: Listening to port 8088 (cg-simulator.cpp:23)
2018-10-01 15:39:09; cppcms_http, info: POST /simulator/langmuir (http_api.cpp:254)
2018-10-01 15:39:09; SimulatorResource, info: Mapped to /simulator relative to root resource. (simulator-resource.cpp:24)
2018-10-01 15:39:09; RootResource, info: Mapped to /cgs (root-resource.cpp:32)
2018-10-01 15:39:09; cppcms, error: Caught exception [cppcms::json::bad_cast: Can't write undefined value to stream]
0x7fe7a6d6ac62: cppcms::json::bad_value_cast::bad_value_cast(std::__cxx11::basic_string<char, std::char_traits<char>, std::allocator<char> > const&) + 0x82 in /localdisk/local/lib/libcppcms.so.1
0x7fe7a6d6c674: cppcms::json::value::write_value(std::ostream&, int) const + 0x1d4 in /localdisk/local/lib/libcppcms.so.1
0x7fe7a6d6c87c: cppcms::json::value::write(std::ostream&, int) const + 0x8c in /localdisk/local/lib/libcppcms.so.1
0x7fe7a6d6c951: cppcms::json::operator<<(std::ostream&, cppcms::json::value const&) + 0x11 in /localdisk/local/lib/libcppcms.so.1
0x7fe7a7058c21: bco::SimulatorResource::compute(std::__cxx11::basic_string<char, std::char_traits<char>, std::allocator<char> >) + 0x381 in /localdisk/local/lib/libbcocg.so.0
0x7fe7a705bae5: cppcms::url_dispatcher::url_binder<void (bco::SimulatorResource::*)(std::__cxx11::basic_string<char, std::char_traits<char>, std::allocator<char> >)>::operator()(cppcms::application&, booster::match_results<char const*> const&) + 0x345 in /localdisk/local/lib/libbcocg.so.0
0x7fe7a6d40a7d: cppcms::url_dispatcher::dispatch(std::__cxx11::basic_string<char, std::char_traits<char>, std::allocator<char> >) + 0xfd in /localdisk/local/lib/libcppcms.so.1
0x7fe7a6d0378f: cppcms::application::main(std::__cxx11::basic_string<char, std::char_traits<char>, std::allocator<char> >) + 0x4f in /localdisk/local/lib/libcppcms.so.1
0x7fe7a6d42e97: ??? + 0xa6d42e97 in /localdisk/local/lib/libcppcms.so.1
0x7fe7a6d40a7d: cppcms::url_dispatcher::dispatch(std::__cxx11::basic_string<char, std::char_traits<char>, std::allocator<char> >) + 0xfd in /localdisk/local/lib/libcppcms.so.1
0x7fe7a6d0378f: cppcms::application::main(std::__cxx11::basic_string<char, std::char_traits<char>, std::allocator<char> >) + 0x4f in /localdisk/local/lib/libcppcms.so.1
0x7fe7a6d34165: cppcms::http::context::dispatch(booster::intrusive_ptr<cppcms::application> const&, std::__cxx11::basic_string<char, std::char_traits<char>, std::allocator<char> > const&, bool) + 0xc5 in /localdisk/local/lib/libcppcms.so.1
0x7fe7a6d344f8: cppcms::http::context::dispatch(booster::shared_ptr<cppcms::application_specific_pool> const&, booster::shared_ptr<cppcms::http::context> const&, std::__cxx11::basic_string<char, std::char_traits<char>, std::allocator<char> > const&) + 0x98 in /localdisk/local/lib/libcppcms.so.1
0x7fe7a6d36f71: cppcms::impl::thread_pool::worker() + 0xe1 in /localdisk/local/lib/libcppcms.so.1
0x7fe7a6a4bc3a: booster_thread_func + 0x1a in /localdisk/local/lib/libbooster.so.0
0x7fe7a56cd6ba: ??? + 0xa56cd6ba in /lib/x86_64-linux-gnu/libpthread.so.0
0x7fe7a611141d: clone + 0x6d in /lib/x86_64-linux-gnu/libc.so.6
 (http_context.cpp:336)
2018-10-01 15:43:49; cg-simulator, info: Listening to port 8088 (cg-simulator.cpp:23)
2018-10-01 15:43:53; cppcms_http, info: POST /simulator/langmuir (http_api.cpp:254)
2018-10-01 15:43:53; SimulatorResource, info: Mapped to /simulator relative to root resource. (simulator-resource.cpp:24)
2018-10-01 15:43:53; RootResource, info: Mapped to /cgs (root-resource.cpp:32)
2018-10-01 15:43:53; cppcms, error: Caught exception [cppcms::json::bad_cast: Can't write undefined value to stream]
0x7f337114ec62: cppcms::json::bad_value_cast::bad_value_cast(std::__cxx11::basic_string<char, std::char_traits<char>, std::allocator<char> > const&) + 0x82 in /localdisk/local/lib/libcppcms.so.1
0x7f3371150674: cppcms::json::value::write_value(std::ostream&, int) const + 0x1d4 in /localdisk/local/lib/libcppcms.so.1
0x7f337115087c: cppcms::json::value::write(std::ostream&, int) const + 0x8c in /localdisk/local/lib/libcppcms.so.1
0x7f3371150951: cppcms::json::operator<<(std::ostream&, cppcms::json::value const&) + 0x11 in /localdisk/local/lib/libcppcms.so.1
0x7f337143cbe4: bco::SimulatorResource::compute(std::__cxx11::basic_string<char, std::char_traits<char>, std::allocator<char> >) + 0x344 in /localdisk/local/lib/libbcocg.so.0
0x7f337143fa85: cppcms::url_dispatcher::url_binder<void (bco::SimulatorResource::*)(std::__cxx11::basic_string<char, std::char_traits<char>, std::allocator<char> >)>::operator()(cppcms::application&, booster::match_results<char const*> const&) + 0x345 in /localdisk/local/lib/libbcocg.so.0
0x7f3371124a7d: cppcms::url_dispatcher::dispatch(std::__cxx11::basic_string<char, std::char_traits<char>, std::allocator<char> >) + 0xfd in /localdisk/local/lib/libcppcms.so.1
0x7f33710e778f: cppcms::application::main(std::__cxx11::basic_string<char, std::char_traits<char>, std::allocator<char> >) + 0x4f in /localdisk/local/lib/libcppcms.so.1
0x7f3371126e97: ??? + 0x71126e97 in /localdisk/local/lib/libcppcms.so.1
0x7f3371124a7d: cppcms::url_dispatcher::dispatch(std::__cxx11::basic_string<char, std::char_traits<char>, std::allocator<char> >) + 0xfd in /localdisk/local/lib/libcppcms.so.1
0x7f33710e778f: cppcms::application::main(std::__cxx11::basic_string<char, std::char_traits<char>, std::allocator<char> >) + 0x4f in /localdisk/local/lib/libcppcms.so.1
0x7f3371118165: cppcms::http::context::dispatch(booster::intrusive_ptr<cppcms::application> const&, std::__cxx11::basic_string<char, std::char_traits<char>, std::allocator<char> > const&, bool) + 0xc5 in /localdisk/local/lib/libcppcms.so.1
0x7f33711184f8: cppcms::http::context::dispatch(booster::shared_ptr<cppcms::application_specific_pool> const&, booster::shared_ptr<cppcms::http::context> const&, std::__cxx11::basic_string<char, std::char_traits<char>, std::allocator<char> > const&) + 0x98 in /localdisk/local/lib/libcppcms.so.1
0x7f337111af71: cppcms::impl::thread_pool::worker() + 0xe1 in /localdisk/local/lib/libcppcms.so.1
0x7f3370e2fc3a: booster_thread_func + 0x1a in /localdisk/local/lib/libbooster.so.0
0x7f336fab16ba: ??? + 0x6fab16ba in /lib/x86_64-linux-gnu/libpthread.so.0
0x7f33704f541d: clone + 0x6d in /lib/x86_64-linux-gnu/libc.so.6
 (http_context.cpp:336)
2018-10-01 15:46:45; cg-simulator, info: Listening to port 8088 (cg-simulator.cpp:23)
2018-10-01 15:46:48; cppcms_http, info: POST /simulator/langmuir (http_api.cpp:254)
2018-10-01 15:46:48; SimulatorResource, info: Mapped to /simulator relative to root resource. (simulator-resource.cpp:24)
2018-10-01 15:46:48; RootResource, info: Mapped to /cgs (root-resource.cpp:32)
2018-10-01 15:46:48; cppcms, error: Caught exception [cppcms::json::bad_cast: Can't write undefined value to stream]
0x7f179edb4c62: cppcms::json::bad_value_cast::bad_value_cast(std::__cxx11::basic_string<char, std::char_traits<char>, std::allocator<char> > const&) + 0x82 in /localdisk/local/lib/libcppcms.so.1
0x7f179edb6674: cppcms::json::value::write_value(std::ostream&, int) const + 0x1d4 in /localdisk/local/lib/libcppcms.so.1
0x7f179edb687c: cppcms::json::value::write(std::ostream&, int) const + 0x8c in /localdisk/local/lib/libcppcms.so.1
0x7f179edb6951: cppcms::json::operator<<(std::ostream&, cppcms::json::value const&) + 0x11 in /localdisk/local/lib/libcppcms.so.1
0x7f179f0a2e14: bco::SimulatorResource::compute(std::__cxx11::basic_string<char, std::char_traits<char>, std::allocator<char> >) + 0x4d4 in /localdisk/local/lib/libbcocg.so.0
0x7f179f0a5d05: cppcms::url_dispatcher::url_binder<void (bco::SimulatorResource::*)(std::__cxx11::basic_string<char, std::char_traits<char>, std::allocator<char> >)>::operator()(cppcms::application&, booster::match_results<char const*> const&) + 0x345 in /localdisk/local/lib/libbcocg.so.0
0x7f179ed8aa7d: cppcms::url_dispatcher::dispatch(std::__cxx11::basic_string<char, std::char_traits<char>, std::allocator<char> >) + 0xfd in /localdisk/local/lib/libcppcms.so.1
0x7f179ed4d78f: cppcms::application::main(std::__cxx11::basic_string<char, std::char_traits<char>, std::allocator<char> >) + 0x4f in /localdisk/local/lib/libcppcms.so.1
0x7f179ed8ce97: ??? + 0x9ed8ce97 in /localdisk/local/lib/libcppcms.so.1
0x7f179ed8aa7d: cppcms::url_dispatcher::dispatch(std::__cxx11::basic_string<char, std::char_traits<char>, std::allocator<char> >) + 0xfd in /localdisk/local/lib/libcppcms.so.1
0x7f179ed4d78f: cppcms::application::main(std::__cxx11::basic_string<char, std::char_traits<char>, std::allocator<char> >) + 0x4f in /localdisk/local/lib/libcppcms.so.1
0x7f179ed7e165: cppcms::http::context::dispatch(booster::intrusive_ptr<cppcms::application> const&, std::__cxx11::basic_string<char, std::char_traits<char>, std::allocator<char> > const&, bool) + 0xc5 in /localdisk/local/lib/libcppcms.so.1
0x7f179ed7e4f8: cppcms::http::context::dispatch(booster::shared_ptr<cppcms::application_specific_pool> const&, booster::shared_ptr<cppcms::http::context> const&, std::__cxx11::basic_string<char, std::char_traits<char>, std::allocator<char> > const&) + 0x98 in /localdisk/local/lib/libcppcms.so.1
0x7f179ed80f71: cppcms::impl::thread_pool::worker() + 0xe1 in /localdisk/local/lib/libcppcms.so.1
0x7f179ea95c3a: booster_thread_func + 0x1a in /localdisk/local/lib/libbooster.so.0
0x7f179d7176ba: ??? + 0x9d7176ba in /lib/x86_64-linux-gnu/libpthread.so.0
0x7f179e15b41d: clone + 0x6d in /lib/x86_64-linux-gnu/libc.so.6
 (http_context.cpp:336)
2018-10-01 15:51:01; cg-simulator, info: Listening to port 8088 (cg-simulator.cpp:23)
2018-10-01 15:51:04; cppcms_http, info: POST /simulator/langmuir (http_api.cpp:254)
2018-10-01 15:51:04; SimulatorResource, info: Mapped to /simulator relative to root resource. (simulator-resource.cpp:24)
2018-10-01 15:51:04; RootResource, info: Mapped to /cgs (root-resource.cpp:32)
2018-10-01 15:51:04; cppcms, error: Caught exception [cppcms::json::bad_cast: Can't write undefined value to stream]
0x7f57212e2c62: cppcms::json::bad_value_cast::bad_value_cast(std::__cxx11::basic_string<char, std::char_traits<char>, std::allocator<char> > const&) + 0x82 in /localdisk/local/lib/libcppcms.so.1
0x7f57212e4674: cppcms::json::value::write_value(std::ostream&, int) const + 0x1d4 in /localdisk/local/lib/libcppcms.so.1
0x7f57212e487c: cppcms::json::value::write(std::ostream&, int) const + 0x8c in /localdisk/local/lib/libcppcms.so.1
0x7f57212e4951: cppcms::json::operator<<(std::ostream&, cppcms::json::value const&) + 0x11 in /localdisk/local/lib/libcppcms.so.1
0x7f57215d0e14: bco::SimulatorResource::compute(std::__cxx11::basic_string<char, std::char_traits<char>, std::allocator<char> >) + 0x4d4 in /localdisk/local/lib/libbcocg.so.0
0x7f57215d3d05: cppcms::url_dispatcher::url_binder<void (bco::SimulatorResource::*)(std::__cxx11::basic_string<char, std::char_traits<char>, std::allocator<char> >)>::operator()(cppcms::application&, booster::match_results<char const*> const&) + 0x345 in /localdisk/local/lib/libbcocg.so.0
0x7f57212b8a7d: cppcms::url_dispatcher::dispatch(std::__cxx11::basic_string<char, std::char_traits<char>, std::allocator<char> >) + 0xfd in /localdisk/local/lib/libcppcms.so.1
0x7f572127b78f: cppcms::application::main(std::__cxx11::basic_string<char, std::char_traits<char>, std::allocator<char> >) + 0x4f in /localdisk/local/lib/libcppcms.so.1
0x7f57212bae97: ??? + 0x212bae97 in /localdisk/local/lib/libcppcms.so.1
0x7f57212b8a7d: cppcms::url_dispatcher::dispatch(std::__cxx11::basic_string<char, std::char_traits<char>, std::allocator<char> >) + 0xfd in /localdisk/local/lib/libcppcms.so.1
0x7f572127b78f: cppcms::application::main(std::__cxx11::basic_string<char, std::char_traits<char>, std::allocator<char> >) + 0x4f in /localdisk/local/lib/libcppcms.so.1
0x7f57212ac165: cppcms::http::context::dispatch(booster::intrusive_ptr<cppcms::application> const&, std::__cxx11::basic_string<char, std::char_traits<char>, std::allocator<char> > const&, bool) + 0xc5 in /localdisk/local/lib/libcppcms.so.1
0x7f57212ac4f8: cppcms::http::context::dispatch(booster::shared_ptr<cppcms::application_specific_pool> const&, booster::shared_ptr<cppcms::http::context> const&, std::__cxx11::basic_string<char, std::char_traits<char>, std::allocator<char> > const&) + 0x98 in /localdisk/local/lib/libcppcms.so.1
0x7f57212aef71: cppcms::impl::thread_pool::worker() + 0xe1 in /localdisk/local/lib/libcppcms.so.1
0x7f5720fc3c3a: booster_thread_func + 0x1a in /localdisk/local/lib/libbooster.so.0
0x7f571fc456ba: ??? + 0x1fc456ba in /lib/x86_64-linux-gnu/libpthread.so.0
0x7f572068941d: clone + 0x6d in /lib/x86_64-linux-gnu/libc.so.6
 (http_context.cpp:336)
2018-10-01 15:51:38; cppcms_http, info: POST /simulator/langmuir (http_api.cpp:254)
2018-10-01 15:51:38; cppcms, error: Caught exception [cppcms::json::bad_cast: Can't write undefined value to stream]
0x7f57212e2c62: cppcms::json::bad_value_cast::bad_value_cast(std::__cxx11::basic_string<char, std::char_traits<char>, std::allocator<char> > const&) + 0x82 in /localdisk/local/lib/libcppcms.so.1
0x7f57212e4674: cppcms::json::value::write_value(std::ostream&, int) const + 0x1d4 in /localdisk/local/lib/libcppcms.so.1
0x7f57212e487c: cppcms::json::value::write(std::ostream&, int) const + 0x8c in /localdisk/local/lib/libcppcms.so.1
0x7f57212e4951: cppcms::json::operator<<(std::ostream&, cppcms::json::value const&) + 0x11 in /localdisk/local/lib/libcppcms.so.1
0x7f57215d0e14: bco::SimulatorResource::compute(std::__cxx11::basic_string<char, std::char_traits<char>, std::allocator<char> >) + 0x4d4 in /localdisk/local/lib/libbcocg.so.0
0x7f57215d3d05: cppcms::url_dispatcher::url_binder<void (bco::SimulatorResource::*)(std::__cxx11::basic_string<char, std::char_traits<char>, std::allocator<char> >)>::operator()(cppcms::application&, booster::match_results<char const*> const&) + 0x345 in /localdisk/local/lib/libbcocg.so.0
0x7f57212b8a7d: cppcms::url_dispatcher::dispatch(std::__cxx11::basic_string<char, std::char_traits<char>, std::allocator<char> >) + 0xfd in /localdisk/local/lib/libcppcms.so.1
0x7f572127b78f: cppcms::application::main(std::__cxx11::basic_string<char, std::char_traits<char>, std::allocator<char> >) + 0x4f in /localdisk/local/lib/libcppcms.so.1
0x7f57212bae97: ??? + 0x212bae97 in /localdisk/local/lib/libcppcms.so.1
0x7f57212b8a7d: cppcms::url_dispatcher::dispatch(std::__cxx11::basic_string<char, std::char_traits<char>, std::allocator<char> >) + 0xfd in /localdisk/local/lib/libcppcms.so.1
0x7f572127b78f: cppcms::application::main(std::__cxx11::basic_string<char, std::char_traits<char>, std::allocator<char> >) + 0x4f in /localdisk/local/lib/libcppcms.so.1
0x7f57212ac165: cppcms::http::context::dispatch(booster::intrusive_ptr<cppcms::application> const&, std::__cxx11::basic_string<char, std::char_traits<char>, std::allocator<char> > const&, bool) + 0xc5 in /localdisk/local/lib/libcppcms.so.1
0x7f57212ac4f8: cppcms::http::context::dispatch(booster::shared_ptr<cppcms::application_specific_pool> const&, booster::shared_ptr<cppcms::http::context> const&, std::__cxx11::basic_string<char, std::char_traits<char>, std::allocator<char> > const&) + 0x98 in /localdisk/local/lib/libcppcms.so.1
0x7f57212aef71: cppcms::impl::thread_pool::worker() + 0xe1 in /localdisk/local/lib/libcppcms.so.1
0x7f5720fc3c3a: booster_thread_func + 0x1a in /localdisk/local/lib/libbooster.so.0
0x7f571fc456ba: ??? + 0x1fc456ba in /lib/x86_64-linux-gnu/libpthread.so.0
0x7f572068941d: clone + 0x6d in /lib/x86_64-linux-gnu/libc.so.6
 (http_context.cpp:336)
2018-10-01 15:52:52; cg-simulator, info: Listening to port 8088 (cg-simulator.cpp:23)
2018-10-01 15:53:06; cppcms_http, info: POST /simulator/langmuir (http_api.cpp:254)
2018-10-01 15:53:06; SimulatorResource, info: Mapped to /simulator relative to root resource. (simulator-resource.cpp:24)
2018-10-01 15:53:06; RootResource, info: Mapped to /cgs (root-resource.cpp:32)
2018-10-01 15:53:06; cppcms, error: Caught exception [cppcms::json::bad_cast: Can't write undefined value to stream]
0x7fc259f01c62: cppcms::json::bad_value_cast::bad_value_cast(std::__cxx11::basic_string<char, std::char_traits<char>, std::allocator<char> > const&) + 0x82 in /localdisk/local/lib/libcppcms.so.1
0x7fc259f03674: cppcms::json::value::write_value(std::ostream&, int) const + 0x1d4 in /localdisk/local/lib/libcppcms.so.1
0x7fc259f0387c: cppcms::json::value::write(std::ostream&, int) const + 0x8c in /localdisk/local/lib/libcppcms.so.1
0x7fc259f03951: cppcms::json::operator<<(std::ostream&, cppcms::json::value const&) + 0x11 in /localdisk/local/lib/libcppcms.so.1
0x7fc25a1efe14: bco::SimulatorResource::compute(std::__cxx11::basic_string<char, std::char_traits<char>, std::allocator<char> >) + 0x4d4 in /localdisk/local/lib/libbcocg.so.0
0x7fc25a1f2d05: cppcms::url_dispatcher::url_binder<void (bco::SimulatorResource::*)(std::__cxx11::basic_string<char, std::char_traits<char>, std::allocator<char> >)>::operator()(cppcms::application&, booster::match_results<char const*> const&) + 0x345 in /localdisk/local/lib/libbcocg.so.0
0x7fc259ed7a7d: cppcms::url_dispatcher::dispatch(std::__cxx11::basic_string<char, std::char_traits<char>, std::allocator<char> >) + 0xfd in /localdisk/local/lib/libcppcms.so.1
0x7fc259e9a78f: cppcms::application::main(std::__cxx11::basic_string<char, std::char_traits<char>, std::allocator<char> >) + 0x4f in /localdisk/local/lib/libcppcms.so.1
0x7fc259ed9e97: ??? + 0x59ed9e97 in /localdisk/local/lib/libcppcms.so.1
0x7fc259ed7a7d: cppcms::url_dispatcher::dispatch(std::__cxx11::basic_string<char, std::char_traits<char>, std::allocator<char> >) + 0xfd in /localdisk/local/lib/libcppcms.so.1
0x7fc259e9a78f: cppcms::application::main(std::__cxx11::basic_string<char, std::char_traits<char>, std::allocator<char> >) + 0x4f in /localdisk/local/lib/libcppcms.so.1
0x7fc259ecb165: cppcms::http::context::dispatch(booster::intrusive_ptr<cppcms::application> const&, std::__cxx11::basic_string<char, std::char_traits<char>, std::allocator<char> > const&, bool) + 0xc5 in /localdisk/local/lib/libcppcms.so.1
0x7fc259ecb4f8: cppcms::http::context::dispatch(booster::shared_ptr<cppcms::application_specific_pool> const&, booster::shared_ptr<cppcms::http::context> const&, std::__cxx11::basic_string<char, std::char_traits<char>, std::allocator<char> > const&) + 0x98 in /localdisk/local/lib/libcppcms.so.1
0x7fc259ecdf71: cppcms::impl::thread_pool::worker() + 0xe1 in /localdisk/local/lib/libcppcms.so.1
0x7fc259be2c3a: booster_thread_func + 0x1a in /localdisk/local/lib/libbooster.so.0
0x7fc2588646ba: ??? + 0x588646ba in /lib/x86_64-linux-gnu/libpthread.so.0
0x7fc2592a841d: clone + 0x6d in /lib/x86_64-linux-gnu/libc.so.6
 (http_context.cpp:336)
2018-10-01 15:53:33; cppcms_http, info: POST /simulator/langmuir (http_api.cpp:254)
2018-10-01 15:53:33; cppcms, error: Caught exception [cppcms::json::bad_cast: Can't write undefined value to stream]
0x7fc259f01c62: cppcms::json::bad_value_cast::bad_value_cast(std::__cxx11::basic_string<char, std::char_traits<char>, std::allocator<char> > const&) + 0x82 in /localdisk/local/lib/libcppcms.so.1
0x7fc259f03674: cppcms::json::value::write_value(std::ostream&, int) const + 0x1d4 in /localdisk/local/lib/libcppcms.so.1
0x7fc259f0387c: cppcms::json::value::write(std::ostream&, int) const + 0x8c in /localdisk/local/lib/libcppcms.so.1
0x7fc259f03951: cppcms::json::operator<<(std::ostream&, cppcms::json::value const&) + 0x11 in /localdisk/local/lib/libcppcms.so.1
0x7fc25a1efe14: bco::SimulatorResource::compute(std::__cxx11::basic_string<char, std::char_traits<char>, std::allocator<char> >) + 0x4d4 in /localdisk/local/lib/libbcocg.so.0
0x7fc25a1f2d05: cppcms::url_dispatcher::url_binder<void (bco::SimulatorResource::*)(std::__cxx11::basic_string<char, std::char_traits<char>, std::allocator<char> >)>::operator()(cppcms::application&, booster::match_results<char const*> const&) + 0x345 in /localdisk/local/lib/libbcocg.so.0
0x7fc259ed7a7d: cppcms::url_dispatcher::dispatch(std::__cxx11::basic_string<char, std::char_traits<char>, std::allocator<char> >) + 0xfd in /localdisk/local/lib/libcppcms.so.1
0x7fc259e9a78f: cppcms::application::main(std::__cxx11::basic_string<char, std::char_traits<char>, std::allocator<char> >) + 0x4f in /localdisk/local/lib/libcppcms.so.1
0x7fc259ed9e97: ??? + 0x59ed9e97 in /localdisk/local/lib/libcppcms.so.1
0x7fc259ed7a7d: cppcms::url_dispatcher::dispatch(std::__cxx11::basic_string<char, std::char_traits<char>, std::allocator<char> >) + 0xfd in /localdisk/local/lib/libcppcms.so.1
0x7fc259e9a78f: cppcms::application::main(std::__cxx11::basic_string<char, std::char_traits<char>, std::allocator<char> >) + 0x4f in /localdisk/local/lib/libcppcms.so.1
0x7fc259ecb165: cppcms::http::context::dispatch(booster::intrusive_ptr<cppcms::application> const&, std::__cxx11::basic_string<char, std::char_traits<char>, std::allocator<char> > const&, bool) + 0xc5 in /localdisk/local/lib/libcppcms.so.1
0x7fc259ecb4f8: cppcms::http::context::dispatch(booster::shared_ptr<cppcms::application_specific_pool> const&, booster::shared_ptr<cppcms::http::context> const&, std::__cxx11::basic_string<char, std::char_traits<char>, std::allocator<char> > const&) + 0x98 in /localdisk/local/lib/libcppcms.so.1
0x7fc259ecdf71: cppcms::impl::thread_pool::worker() + 0xe1 in /localdisk/local/lib/libcppcms.so.1
0x7fc259be2c3a: booster_thread_func + 0x1a in /localdisk/local/lib/libbooster.so.0
0x7fc2588646ba: ??? + 0x588646ba in /lib/x86_64-linux-gnu/libpthread.so.0
0x7fc2592a841d: clone + 0x6d in /lib/x86_64-linux-gnu/libc.so.6
 (http_context.cpp:336)
2018-10-01 15:55:29; cppcms_http, info: POST /simulator/langmuir (http_api.cpp:254)
2018-10-01 15:55:45; cppcms_http, info: POST /simulator/langmuir (http_api.cpp:254)
2018-10-01 15:57:01; cg-simulator, info: Listening to port 8088 (cg-simulator.cpp:23)
2018-10-01 15:57:05; cppcms_http, info: POST /simulator/langmuir (http_api.cpp:254)
2018-10-01 15:57:05; SimulatorResource, info: Mapped to /simulator relative to root resource. (simulator-resource.cpp:24)
2018-10-01 15:57:05; RootResource, info: Mapped to /cgs (root-resource.cpp:32)
2018-10-01 16:06:05; cppcms_http, info: POST / (http_api.cpp:254)
2018-10-01 16:06:12; cppcms_http, info: POST /simulator (http_api.cpp:254)
2018-10-01 16:06:17; cppcms_http, info: GET /simulator (http_api.cpp:254)
2018-10-01 16:06:18; cppcms_http, info: GET /simulator (http_api.cpp:254)
2018-10-01 16:06:58; cppcms_http, info: POST /simulator/langmuir (http_api.cpp:254)
2018-10-01 16:06:58; cppcms, error: Caught exception [cppcms::json::bad_cast: Can't write undefined value to stream]
0x7f8e7a6d4c62: cppcms::json::bad_value_cast::bad_value_cast(std::__cxx11::basic_string<char, std::char_traits<char>, std::allocator<char> > const&) + 0x82 in /localdisk/local/lib/libcppcms.so.1
0x7f8e7a6d6674: cppcms::json::value::write_value(std::ostream&, int) const + 0x1d4 in /localdisk/local/lib/libcppcms.so.1
0x7f8e7a6d687c: cppcms::json::value::write(std::ostream&, int) const + 0x8c in /localdisk/local/lib/libcppcms.so.1
0x7f8e7a6d6951: cppcms::json::operator<<(std::ostream&, cppcms::json::value const&) + 0x11 in /localdisk/local/lib/libcppcms.so.1
0x7f8e7a9c2be4: bco::SimulatorResource::compute(std::__cxx11::basic_string<char, std::char_traits<char>, std::allocator<char> >) + 0x344 in /localdisk/local/lib/libbcocg.so.0
0x7f8e7a9c5a85: cppcms::url_dispatcher::url_binder<void (bco::SimulatorResource::*)(std::__cxx11::basic_string<char, std::char_traits<char>, std::allocator<char> >)>::operator()(cppcms::application&, booster::match_results<char const*> const&) + 0x345 in /localdisk/local/lib/libbcocg.so.0
0x7f8e7a6aaa7d: cppcms::url_dispatcher::dispatch(std::__cxx11::basic_string<char, std::char_traits<char>, std::allocator<char> >) + 0xfd in /localdisk/local/lib/libcppcms.so.1
0x7f8e7a66d78f: cppcms::application::main(std::__cxx11::basic_string<char, std::char_traits<char>, std::allocator<char> >) + 0x4f in /localdisk/local/lib/libcppcms.so.1
0x7f8e7a6ace97: ??? + 0x7a6ace97 in /localdisk/local/lib/libcppcms.so.1
0x7f8e7a6aaa7d: cppcms::url_dispatcher::dispatch(std::__cxx11::basic_string<char, std::char_traits<char>, std::allocator<char> >) + 0xfd in /localdisk/local/lib/libcppcms.so.1
0x7f8e7a66d78f: cppcms::application::main(std::__cxx11::basic_string<char, std::char_traits<char>, std::allocator<char> >) + 0x4f in /localdisk/local/lib/libcppcms.so.1
0x7f8e7a69e165: cppcms::http::context::dispatch(booster::intrusive_ptr<cppcms::application> const&, std::__cxx11::basic_string<char, std::char_traits<char>, std::allocator<char> > const&, bool) + 0xc5 in /localdisk/local/lib/libcppcms.so.1
0x7f8e7a69e4f8: cppcms::http::context::dispatch(booster::shared_ptr<cppcms::application_specific_pool> const&, booster::shared_ptr<cppcms::http::context> const&, std::__cxx11::basic_string<char, std::char_traits<char>, std::allocator<char> > const&) + 0x98 in /localdisk/local/lib/libcppcms.so.1
0x7f8e7a6a0f71: cppcms::impl::thread_pool::worker() + 0xe1 in /localdisk/local/lib/libcppcms.so.1
0x7f8e7a3b5c3a: booster_thread_func + 0x1a in /localdisk/local/lib/libbooster.so.0
0x7f8e790376ba: ??? + 0x790376ba in /lib/x86_64-linux-gnu/libpthread.so.0
0x7f8e79a7b41d: clone + 0x6d in /lib/x86_64-linux-gnu/libc.so.6
 (http_context.cpp:336)
2018-10-01 16:08:01; cppcms_http, info: GET /simulator/langmuir (http_api.cpp:254)
2018-10-01 16:13:55; cg-simulator, info: Listening to port 8088 (cg-simulator.cpp:23)
2018-10-01 16:13:58; cppcms_http, info: POST /simulator/langmuir (http_api.cpp:254)
2018-10-01 16:13:58; SimulatorResource, info: Mapped to /simulator relative to root resource. (simulator-resource.cpp:25)
2018-10-01 16:13:58; RootResource, info: Mapped to /cgs (root-resource.cpp:32)
2018-10-01 16:17:54; cg-simulator, info: Listening to port 8088 (cg-simulator.cpp:23)
2018-10-01 16:17:57; cppcms_http, info: POST /simulator/langmuir (http_api.cpp:254)
2018-10-01 16:17:57; SimulatorResource, info: Mapped to /simulator relative to root resource. (simulator-resource.cpp:25)
2018-10-01 16:17:57; RootResource, info: Mapped to /cgs (root-resource.cpp:32)
2018-10-01 16:17:57; cppcms, error: Caught exception [No such node (name)]
 (http_context.cpp:336)
2018-10-01 16:18:07; cppcms_http, info: POST /simulator/langmuir (http_api.cpp:254)
2018-10-01 16:18:07; cppcms, error: Caught exception [No such node (name)]
 (http_context.cpp:336)
2018-10-01 16:23:18; cg-simulator, info: Listening to port 8088 (cg-simulator.cpp:23)
2018-10-01 16:23:21; cppcms_http, info: POST /simulator/langmuir (http_api.cpp:254)
2018-10-01 16:23:21; SimulatorResource, info: Mapped to /simulator relative to root resource. (simulator-resource.cpp:25)
2018-10-01 16:23:21; RootResource, info: Mapped to /cgs (root-resource.cpp:32)
2018-10-01 16:23:21; cppcms, error: Caught exception [No such node (name)]
 (http_context.cpp:336)
2018-10-01 16:48:11; cppcms_http, info: GET /simulator/langmuir (http_api.cpp:254)
2018-10-01 16:48:21; cppcms_http, info: GET /simulator/langmuir (http_api.cpp:254)
2018-10-01 16:48:30; cppcms_http, info: GET /simulator/distribution (http_api.cpp:254)
2018-10-01 16:51:33; cg-simulator, info: Listening to port 8088 (cg-simulator.cpp:23)
2018-10-01 16:51:35; cppcms_http, info: POST /simulator/langmuir (http_api.cpp:254)
2018-10-01 16:51:35; SimulatorResource, info: Mapped to /simulator relative to root resource. (simulator-resource.cpp:25)
2018-10-01 16:51:35; RootResource, info: Mapped to /cgs (root-resource.cpp:32)
2018-10-01 16:51:35; cppcms, error: Caught exception [No such node (name)]
 (http_context.cpp:336)
2018-10-01 17:03:24; cg-simulator, info: Listening to port 8088 (cg-simulator.cpp:23)
2018-10-01 17:03:34; cppcms_http, info: POST /simulator/langmuir (http_api.cpp:254)
2018-10-01 17:03:34; SimulatorResource, info: Mapped to /simulator relative to root resource. (simulator-resource.cpp:25)
2018-10-01 17:03:34; RootResource, info: Mapped to /cgs (root-resource.cpp:32)
2018-10-01 17:05:11; cg-simulator, info: Listening to port 8088 (cg-simulator.cpp:23)
2018-10-01 17:05:14; cppcms_http, info: POST /simulator/langmuir (http_api.cpp:254)
2018-10-01 17:05:14; SimulatorResource, info: Mapped to /simulator relative to root resource. (simulator-resource.cpp:25)
2018-10-01 17:05:14; RootResource, info: Mapped to /cgs (root-resource.cpp:32)
2018-10-01 17:06:58; cppcms_http, info: POST /simulator/langmuir (http_api.cpp:254)
2018-10-01 17:20:23; cg-simulator, info: Listening to port 8088 (cg-simulator.cpp:23)
2018-10-01 17:20:28; cppcms_http, info: POST /simulator/langmuir (http_api.cpp:254)
2018-10-01 17:20:28; SimulatorResource, info: Mapped to /simulator relative to root resource. (simulator-resource.cpp:25)
2018-10-01 17:20:28; RootResource, info: Mapped to /cgs (root-resource.cpp:32)
2018-10-01 17:20:28; cppcms, error: Caught exception [cppcms::json::bad_cast: invalid type error converting from object to string]
0x7fcdc4cce596: cppcms::json::bad_value_cast::bad_value_cast(std::__cxx11::basic_string<char, std::char_traits<char>, std::allocator<char> > const&, cppcms::json::json_type, cppcms::json::json_type) + 0x96 in /localdisk/local/lib/libcppcms.so.1
0x7fcdc4ccf4c3: cppcms::json::value::str[abi:cxx11]() + 0x73 in /localdisk/local/lib/libcppcms.so.1
0x7fcdc4fc3831: bco::SimulatorResource::compute(std::__cxx11::basic_string<char, std::char_traits<char>, std::allocator<char> >) + 0x2b1 in /localdisk/local/lib/libbcocg.so.0
0x7fcdc4fcd1f5: cppcms::url_dispatcher::url_binder<void (bco::SimulatorResource::*)(std::__cxx11::basic_string<char, std::char_traits<char>, std::allocator<char> >)>::operator()(cppcms::application&, booster::match_results<char const*> const&) + 0x345 in /localdisk/local/lib/libbcocg.so.0
0x7fcdc4ca4a7d: cppcms::url_dispatcher::dispatch(std::__cxx11::basic_string<char, std::char_traits<char>, std::allocator<char> >) + 0xfd in /localdisk/local/lib/libcppcms.so.1
0x7fcdc4c6778f: cppcms::application::main(std::__cxx11::basic_string<char, std::char_traits<char>, std::allocator<char> >) + 0x4f in /localdisk/local/lib/libcppcms.so.1
0x7fcdc4ca6e97: ??? + 0xc4ca6e97 in /localdisk/local/lib/libcppcms.so.1
0x7fcdc4ca4a7d: cppcms::url_dispatcher::dispatch(std::__cxx11::basic_string<char, std::char_traits<char>, std::allocator<char> >) + 0xfd in /localdisk/local/lib/libcppcms.so.1
0x7fcdc4c6778f: cppcms::application::main(std::__cxx11::basic_string<char, std::char_traits<char>, std::allocator<char> >) + 0x4f in /localdisk/local/lib/libcppcms.so.1
0x7fcdc4c98165: cppcms::http::context::dispatch(booster::intrusive_ptr<cppcms::application> const&, std::__cxx11::basic_string<char, std::char_traits<char>, std::allocator<char> > const&, bool) + 0xc5 in /localdisk/local/lib/libcppcms.so.1
0x7fcdc4c984f8: cppcms::http::context::dispatch(booster::shared_ptr<cppcms::application_specific_pool> const&, booster::shared_ptr<cppcms::http::context> const&, std::__cxx11::basic_string<char, std::char_traits<char>, std::allocator<char> > const&) + 0x98 in /localdisk/local/lib/libcppcms.so.1
0x7fcdc4c9af71: cppcms::impl::thread_pool::worker() + 0xe1 in /localdisk/local/lib/libcppcms.so.1
0x7fcdc49afc3a: booster_thread_func + 0x1a in /localdisk/local/lib/libbooster.so.0
0x7fcdc36316ba: ??? + 0xc36316ba in /lib/x86_64-linux-gnu/libpthread.so.0
0x7fcdc407541d: clone + 0x6d in /lib/x86_64-linux-gnu/libc.so.6
 (http_context.cpp:336)
2018-10-01 17:33:27; cg-simulator, info: Listening to port 8088 (cg-simulator.cpp:23)
2018-10-01 17:33:31; cppcms_http, info: POST /simulator/langmuir (http_api.cpp:254)
2018-10-01 17:33:31; SimulatorResource, info: Mapped to /simulator relative to root resource. (simulator-resource.cpp:25)
2018-10-01 17:33:31; RootResource, info: Mapped to /cgs (root-resource.cpp:32)
2018-10-01 17:34:56; cg-simulator, info: Listening to port 8088 (cg-simulator.cpp:23)
2018-10-01 17:34:59; cppcms_http, info: POST /simulator/langmuir (http_api.cpp:254)
2018-10-01 17:34:59; SimulatorResource, info: Mapped to /simulator relative to root resource. (simulator-resource.cpp:25)
2018-10-01 17:34:59; RootResource, info: Mapped to /cgs (root-resource.cpp:32)
2018-10-01 17:34:59; cppcms, error: Caught exception [cppcms::json::bad_cast: invalid type error converting from object to string]
0x7f69d6bc0596: cppcms::json::bad_value_cast::bad_value_cast(std::__cxx11::basic_string<char, std::char_traits<char>, std::allocator<char> > const&, cppcms::json::json_type, cppcms::json::json_type) + 0x96 in /localdisk/local/lib/libcppcms.so.1
0x7f69d6bc14c3: cppcms::json::value::str[abi:cxx11]() + 0x73 in /localdisk/local/lib/libcppcms.so.1
0x7f69d6eaebb6: bco::SimulatorResource::compute(std::__cxx11::basic_string<char, std::char_traits<char>, std::allocator<char> >) + 0x2b6 in /localdisk/local/lib/libbcocg.so.0
0x7f69d6eb19f5: cppcms::url_dispatcher::url_binder<void (bco::SimulatorResource::*)(std::__cxx11::basic_string<char, std::char_traits<char>, std::allocator<char> >)>::operator()(cppcms::application&, booster::match_results<char const*> const&) + 0x345 in /localdisk/local/lib/libbcocg.so.0
0x7f69d6b96a7d: cppcms::url_dispatcher::dispatch(std::__cxx11::basic_string<char, std::char_traits<char>, std::allocator<char> >) + 0xfd in /localdisk/local/lib/libcppcms.so.1
0x7f69d6b5978f: cppcms::application::main(std::__cxx11::basic_string<char, std::char_traits<char>, std::allocator<char> >) + 0x4f in /localdisk/local/lib/libcppcms.so.1
0x7f69d6b98e97: ??? + 0xd6b98e97 in /localdisk/local/lib/libcppcms.so.1
0x7f69d6b96a7d: cppcms::url_dispatcher::dispatch(std::__cxx11::basic_string<char, std::char_traits<char>, std::allocator<char> >) + 0xfd in /localdisk/local/lib/libcppcms.so.1
0x7f69d6b5978f: cppcms::application::main(std::__cxx11::basic_string<char, std::char_traits<char>, std::allocator<char> >) + 0x4f in /localdisk/local/lib/libcppcms.so.1
0x7f69d6b8a165: cppcms::http::context::dispatch(booster::intrusive_ptr<cppcms::application> const&, std::__cxx11::basic_string<char, std::char_traits<char>, std::allocator<char> > const&, bool) + 0xc5 in /localdisk/local/lib/libcppcms.so.1
0x7f69d6b8a4f8: cppcms::http::context::dispatch(booster::shared_ptr<cppcms::application_specific_pool> const&, booster::shared_ptr<cppcms::http::context> const&, std::__cxx11::basic_string<char, std::char_traits<char>, std::allocator<char> > const&) + 0x98 in /localdisk/local/lib/libcppcms.so.1
0x7f69d6b8cf71: cppcms::impl::thread_pool::worker() + 0xe1 in /localdisk/local/lib/libcppcms.so.1
0x7f69d68a1c3a: booster_thread_func + 0x1a in /localdisk/local/lib/libbooster.so.0
0x7f69d55236ba: ??? + 0xd55236ba in /lib/x86_64-linux-gnu/libpthread.so.0
0x7f69d5f6741d: clone + 0x6d in /lib/x86_64-linux-gnu/libc.so.6
 (http_context.cpp:336)
2018-10-02 09:37:23; cg-simulator, info: Listening to port 8088 (cg-simulator.cpp:23)
2018-10-02 09:37:26; cppcms_http, info: POST /simulator/langmuir (http_api.cpp:254)
2018-10-02 09:37:26; SimulatorResource, info: Mapped to /simulator relative to root resource. (simulator-resource.cpp:25)
2018-10-02 09:37:26; RootResource, info: Mapped to /cgs (root-resource.cpp:32)
2018-10-02 09:38:41; cg-simulator, info: Listening to port 8088 (cg-simulator.cpp:23)
2018-10-02 09:38:56; cppcms_http, info: POST /simulator/langmuir (http_api.cpp:254)
2018-10-02 09:38:56; SimulatorResource, info: Mapped to /simulator relative to root resource. (simulator-resource.cpp:25)
2018-10-02 09:38:56; RootResource, info: Mapped to /cgs (root-resource.cpp:32)
2018-10-02 09:38:56; cppcms, error: Caught exception [cppcms::json::bad_cast: invalid type error converting from undefined to object]
0x7f0d8dd25596: cppcms::json::bad_value_cast::bad_value_cast(std::__cxx11::basic_string<char, std::char_traits<char>, std::allocator<char> > const&, cppcms::json::json_type, cppcms::json::json_type) + 0x96 in /localdisk/local/lib/libcppcms.so.1
0x7f0d8dd265a3: cppcms::json::value::object() + 0x73 in /localdisk/local/lib/libcppcms.so.1
0x7f0d8e013b99: bco::jsonToParameters[abi:cxx11](cppcms::json::value&) + 0x89 in /localdisk/local/lib/libbcocg.so.0
0x7f0d8e013f85: bco::SimulatorResource::compute(std::__cxx11::basic_string<char, std::char_traits<char>, std::allocator<char> >) + 0x2c5 in /localdisk/local/lib/libbcocg.so.0
0x7f0d8e016e15: cppcms::url_dispatcher::url_binder<void (bco::SimulatorResource::*)(std::__cxx11::basic_string<char, std::char_traits<char>, std::allocator<char> >)>::operator()(cppcms::application&, booster::match_results<char const*> const&) + 0x345 in /localdisk/local/lib/libbcocg.so.0
0x7f0d8dcfba7d: cppcms::url_dispatcher::dispatch(std::__cxx11::basic_string<char, std::char_traits<char>, std::allocator<char> >) + 0xfd in /localdisk/local/lib/libcppcms.so.1
0x7f0d8dcbe78f: cppcms::application::main(std::__cxx11::basic_string<char, std::char_traits<char>, std::allocator<char> >) + 0x4f in /localdisk/local/lib/libcppcms.so.1
0x7f0d8dcfde97: ??? + 0x8dcfde97 in /localdisk/local/lib/libcppcms.so.1
0x7f0d8dcfba7d: cppcms::url_dispatcher::dispatch(std::__cxx11::basic_string<char, std::char_traits<char>, std::allocator<char> >) + 0xfd in /localdisk/local/lib/libcppcms.so.1
0x7f0d8dcbe78f: cppcms::application::main(std::__cxx11::basic_string<char, std::char_traits<char>, std::allocator<char> >) + 0x4f in /localdisk/local/lib/libcppcms.so.1
0x7f0d8dcef165: cppcms::http::context::dispatch(booster::intrusive_ptr<cppcms::application> const&, std::__cxx11::basic_string<char, std::char_traits<char>, std::allocator<char> > const&, bool) + 0xc5 in /localdisk/local/lib/libcppcms.so.1
0x7f0d8dcef4f8: cppcms::http::context::dispatch(booster::shared_ptr<cppcms::application_specific_pool> const&, booster::shared_ptr<cppcms::http::context> const&, std::__cxx11::basic_string<char, std::char_traits<char>, std::allocator<char> > const&) + 0x98 in /localdisk/local/lib/libcppcms.so.1
0x7f0d8dcf1f71: cppcms::impl::thread_pool::worker() + 0xe1 in /localdisk/local/lib/libcppcms.so.1
0x7f0d8da06c3a: booster_thread_func + 0x1a in /localdisk/local/lib/libbooster.so.0
0x7f0d8c6886ba: ??? + 0x8c6886ba in /lib/x86_64-linux-gnu/libpthread.so.0
0x7f0d8d0cc41d: clone + 0x6d in /lib/x86_64-linux-gnu/libc.so.6
 (http_context.cpp:336)
2018-10-02 09:42:56; cg-simulator, info: Listening to port 8088 (cg-simulator.cpp:23)
2018-10-02 09:43:01; cppcms_http, info: POST /simulator/langmuir (http_api.cpp:254)
2018-10-02 09:43:01; SimulatorResource, info: Mapped to /simulator relative to root resource. (simulator-resource.cpp:25)
2018-10-02 09:43:01; RootResource, info: Mapped to /cgs (root-resource.cpp:32)
2018-10-02 09:43:01; cppcms, error: Caught exception [cppcms::json::bad_cast: invalid type error converting from undefined to object]
0x7fd6a0526596: cppcms::json::bad_value_cast::bad_value_cast(std::__cxx11::basic_string<char, std::char_traits<char>, std::allocator<char> > const&, cppcms::json::json_type, cppcms::json::json_type) + 0x96 in /localdisk/local/lib/libcppcms.so.1
0x7fd6a05275a3: cppcms::json::value::object() + 0x73 in /localdisk/local/lib/libcppcms.so.1
0x7fd6a0814b53: bco::jsonToParameters[abi:cxx11](cppcms::json::value&) + 0x93 in /localdisk/local/lib/libbcocg.so.0
0x7fd6a0814fb5: bco::SimulatorResource::compute(std::__cxx11::basic_string<char, std::char_traits<char>, std::allocator<char> >) + 0x2c5 in /localdisk/local/lib/libbcocg.so.0
0x7fd6a0817e45: cppcms::url_dispatcher::url_binder<void (bco::SimulatorResource::*)(std::__cxx11::basic_string<char, std::char_traits<char>, std::allocator<char> >)>::operator()(cppcms::application&, booster::match_results<char const*> const&) + 0x345 in /localdisk/local/lib/libbcocg.so.0
0x7fd6a04fca7d: cppcms::url_dispatcher::dispatch(std::__cxx11::basic_string<char, std::char_traits<char>, std::allocator<char> >) + 0xfd in /localdisk/local/lib/libcppcms.so.1
0x7fd6a04bf78f: cppcms::application::main(std::__cxx11::basic_string<char, std::char_traits<char>, std::allocator<char> >) + 0x4f in /localdisk/local/lib/libcppcms.so.1
0x7fd6a04fee97: ??? + 0xa04fee97 in /localdisk/local/lib/libcppcms.so.1
0x7fd6a04fca7d: cppcms::url_dispatcher::dispatch(std::__cxx11::basic_string<char, std::char_traits<char>, std::allocator<char> >) + 0xfd in /localdisk/local/lib/libcppcms.so.1
0x7fd6a04bf78f: cppcms::application::main(std::__cxx11::basic_string<char, std::char_traits<char>, std::allocator<char> >) + 0x4f in /localdisk/local/lib/libcppcms.so.1
0x7fd6a04f0165: cppcms::http::context::dispatch(booster::intrusive_ptr<cppcms::application> const&, std::__cxx11::basic_string<char, std::char_traits<char>, std::allocator<char> > const&, bool) + 0xc5 in /localdisk/local/lib/libcppcms.so.1
0x7fd6a04f04f8: cppcms::http::context::dispatch(booster::shared_ptr<cppcms::application_specific_pool> const&, booster::shared_ptr<cppcms::http::context> const&, std::__cxx11::basic_string<char, std::char_traits<char>, std::allocator<char> > const&) + 0x98 in /localdisk/local/lib/libcppcms.so.1
0x7fd6a04f2f71: cppcms::impl::thread_pool::worker() + 0xe1 in /localdisk/local/lib/libcppcms.so.1
0x7fd6a0207c3a: booster_thread_func + 0x1a in /localdisk/local/lib/libbooster.so.0
0x7fd69ee896ba: ??? + 0x9ee896ba in /lib/x86_64-linux-gnu/libpthread.so.0
0x7fd69f8cd41d: clone + 0x6d in /lib/x86_64-linux-gnu/libc.so.6
 (http_context.cpp:336)
2018-10-02 09:45:08; cppcms_http, info: POST /simulator/langmuir (http_api.cpp:254)
2018-10-02 09:46:23; cg-simulator, info: Listening to port 8088 (cg-simulator.cpp:23)
2018-10-02 09:46:26; cppcms_http, info: POST /simulator/langmuir (http_api.cpp:254)
2018-10-02 09:46:26; SimulatorResource, info: Mapped to /simulator relative to root resource. (simulator-resource.cpp:25)
2018-10-02 09:46:26; RootResource, info: Mapped to /cgs (root-resource.cpp:32)
2018-10-02 09:48:27; cg-simulator, info: Listening to port 8088 (cg-simulator.cpp:23)
2018-10-02 09:48:38; cg-simulator, info: Listening to port 8088 (cg-simulator.cpp:23)
2018-10-02 09:48:44; cppcms_http, info: POST /simulator/langmuir (http_api.cpp:254)
2018-10-02 09:48:44; SimulatorResource, info: Mapped to /simulator relative to root resource. (simulator-resource.cpp:25)
2018-10-02 09:48:44; RootResource, info: Mapped to /cgs (root-resource.cpp:32)
2018-10-02 09:49:19; cg-simulator, info: Listening to port 8088 (cg-simulator.cpp:23)
2018-10-02 09:49:22; cppcms_http, info: POST /simulator/langmuir (http_api.cpp:254)
2018-10-02 09:49:22; SimulatorResource, info: Mapped to /simulator relative to root resource. (simulator-resource.cpp:25)
2018-10-02 09:49:22; RootResource, info: Mapped to /cgs (root-resource.cpp:32)
2018-10-02 10:08:00; cg-simulator, info: Listening to port 8088 (cg-simulator.cpp:23)
2018-10-02 10:08:03; cppcms_http, info: POST /simulator/langmuir (http_api.cpp:254)
2018-10-02 10:08:03; SimulatorResource, info: Mapped to /simulator relative to root resource. (simulator-resource.cpp:25)
2018-10-02 10:08:03; RootResource, info: Mapped to /cgs (root-resource.cpp:32)
2018-10-02 10:08:03; cppcms, error: Caught exception [cppcms::json::bad_cast: invalid type error converting from object to string]
0x7f479895a596: cppcms::json::bad_value_cast::bad_value_cast(std::__cxx11::basic_string<char, std::char_traits<char>, std::allocator<char> > const&, cppcms::json::json_type, cppcms::json::json_type) + 0x96 in /localdisk/local/lib/libcppcms.so.1
0x7f479895b4c3: cppcms::json::value::str[abi:cxx11]() + 0x73 in /localdisk/local/lib/libcppcms.so.1
0x7f4798c49105: bco::SimulatorResource::compute(std::__cxx11::basic_string<char, std::char_traits<char>, std::allocator<char> >) + 0x2b5 in /localdisk/local/lib/libbcocg.so.0
0x7f4798c4c055: cppcms::url_dispatcher::url_binder<void (bco::SimulatorResource::*)(std::__cxx11::basic_string<char, std::char_traits<char>, std::allocator<char> >)>::operator()(cppcms::application&, booster::match_results<char const*> const&) + 0x345 in /localdisk/local/lib/libbcocg.so.0
0x7f4798930a7d: cppcms::url_dispatcher::dispatch(std::__cxx11::basic_string<char, std::char_traits<char>, std::allocator<char> >) + 0xfd in /localdisk/local/lib/libcppcms.so.1
0x7f47988f378f: cppcms::application::main(std::__cxx11::basic_string<char, std::char_traits<char>, std::allocator<char> >) + 0x4f in /localdisk/local/lib/libcppcms.so.1
0x7f4798932e97: ??? + 0x98932e97 in /localdisk/local/lib/libcppcms.so.1
0x7f4798930a7d: cppcms::url_dispatcher::dispatch(std::__cxx11::basic_string<char, std::char_traits<char>, std::allocator<char> >) + 0xfd in /localdisk/local/lib/libcppcms.so.1
0x7f47988f378f: cppcms::application::main(std::__cxx11::basic_string<char, std::char_traits<char>, std::allocator<char> >) + 0x4f in /localdisk/local/lib/libcppcms.so.1
0x7f4798924165: cppcms::http::context::dispatch(booster::intrusive_ptr<cppcms::application> const&, std::__cxx11::basic_string<char, std::char_traits<char>, std::allocator<char> > const&, bool) + 0xc5 in /localdisk/local/lib/libcppcms.so.1
0x7f47989244f8: cppcms::http::context::dispatch(booster::shared_ptr<cppcms::application_specific_pool> const&, booster::shared_ptr<cppcms::http::context> const&, std::__cxx11::basic_string<char, std::char_traits<char>, std::allocator<char> > const&) + 0x98 in /localdisk/local/lib/libcppcms.so.1
0x7f4798926f71: cppcms::impl::thread_pool::worker() + 0xe1 in /localdisk/local/lib/libcppcms.so.1
0x7f479863bc3a: booster_thread_func + 0x1a in /localdisk/local/lib/libbooster.so.0
0x7f47972bd6ba: ??? + 0x972bd6ba in /lib/x86_64-linux-gnu/libpthread.so.0
0x7f4797d0141d: clone + 0x6d in /lib/x86_64-linux-gnu/libc.so.6
 (http_context.cpp:336)
2018-10-02 10:09:00; cg-simulator, info: Listening to port 8088 (cg-simulator.cpp:23)
2018-10-02 10:09:03; cppcms_http, info: POST /simulator/langmuir (http_api.cpp:254)
2018-10-02 10:09:03; SimulatorResource, info: Mapped to /simulator relative to root resource. (simulator-resource.cpp:25)
2018-10-02 10:09:03; RootResource, info: Mapped to /cgs (root-resource.cpp:32)
2018-10-02 10:20:05; cg-simulator, info: Listening to port 8088 (cg-simulator.cpp:23)
2018-10-02 10:20:08; cppcms_http, info: POST /simulator/langmuir (http_api.cpp:254)
2018-10-02 10:20:08; SimulatorResource, info: Mapped to /simulator relative to root resource. (simulator-resource.cpp:25)
2018-10-02 10:20:08; RootResource, info: Mapped to /cgs (root-resource.cpp:32)
2018-10-02 10:25:24; cg-simulator, info: Listening to port 8088 (cg-simulator.cpp:23)
2018-10-02 10:25:26; cppcms_http, info: POST /simulator/langmuir (http_api.cpp:254)
2018-10-02 10:25:26; SimulatorResource, info: Mapped to /simulator relative to root resource. (simulator-resource.cpp:25)
2018-10-02 10:25:26; RootResource, info: Mapped to /cgs (root-resource.cpp:32)
2018-10-02 10:26:38; cg-simulator, info: Listening to port 8088 (cg-simulator.cpp:23)
2018-10-02 10:26:41; cppcms_http, info: POST /simulator/langmuir (http_api.cpp:254)
2018-10-02 10:26:41; SimulatorResource, info: Mapped to /simulator relative to root resource. (simulator-resource.cpp:25)
2018-10-02 10:26:41; RootResource, info: Mapped to /cgs (root-resource.cpp:32)
2018-10-02 10:28:13; cg-simulator, info: Listening to port 8088 (cg-simulator.cpp:23)
2018-10-02 10:28:17; cppcms_http, info: POST /simulator/langmuir (http_api.cpp:254)
2018-10-02 10:28:17; SimulatorResource, info: Mapped to /simulator relative to root resource. (simulator-resource.cpp:25)
2018-10-02 10:28:17; RootResource, info: Mapped to /cgs (root-resource.cpp:32)
2018-10-02 10:29:24; cg-simulator, info: Listening to port 8088 (cg-simulator.cpp:23)
2018-10-02 10:29:27; cppcms_http, info: POST /simulator/langmuir (http_api.cpp:254)
2018-10-02 10:29:27; SimulatorResource, info: Mapped to /simulator relative to root resource. (simulator-resource.cpp:25)
2018-10-02 10:29:27; RootResource, info: Mapped to /cgs (root-resource.cpp:32)
2018-10-02 10:30:09; cg-simulator, info: Listening to port 8088 (cg-simulator.cpp:23)
2018-10-02 10:30:12; cppcms_http, info: POST /simulator/langmuir (http_api.cpp:254)
2018-10-02 10:30:12; SimulatorResource, info: Mapped to /simulator relative to root resource. (simulator-resource.cpp:25)
2018-10-02 10:30:12; RootResource, info: Mapped to /cgs (root-resource.cpp:32)
2018-10-02 10:30:12; cppcms, error: Caught exception [<unspecified file>(1): expected value]
 (http_context.cpp:336)
2018-10-02 11:01:24; cg-simulator, info: Listening to port 8088 (cg-simulator.cpp:23)
2018-10-02 11:01:28; cppcms_http, info: POST /simulator/langmuir (http_api.cpp:254)
2018-10-02 11:01:28; SimulatorResource, info: Mapped to /simulator relative to root resource. (simulator-resource.cpp:25)
2018-10-02 11:01:28; RootResource, info: Mapped to /cgs (root-resource.cpp:32)
2018-10-02 11:08:34; cg-simulator, info: Listening to port 8088 (cg-simulator.cpp:23)
2018-10-02 11:08:36; cppcms_http, info: POST /simulator/langmuir (http_api.cpp:254)
2018-10-02 11:08:36; SimulatorResource, info: Mapped to /simulator relative to root resource. (simulator-resource.cpp:25)
2018-10-02 11:08:36; RootResource, info: Mapped to /cgs (root-resource.cpp:32)
2018-10-02 11:11:24; cg-simulator, info: Listening to port 8088 (cg-simulator.cpp:23)
2018-10-02 11:11:27; cppcms_http, info: POST /simulator/langmuir (http_api.cpp:254)
2018-10-02 11:11:27; SimulatorResource, info: Mapped to /simulator relative to root resource. (simulator-resource.cpp:25)
2018-10-02 11:11:27; RootResource, info: Mapped to /cgs (root-resource.cpp:32)
2018-10-02 11:20:05; cg-simulator, info: Listening to port 8088 (cg-simulator.cpp:23)
2018-10-02 11:20:07; cppcms_http, info: POST /simulator/langmuir (http_api.cpp:254)
2018-10-02 11:20:07; SimulatorResource, info: Mapped to /simulator relative to root resource. (simulator-resource.cpp:25)
2018-10-02 11:20:07; RootResource, info: Mapped to /cgs (root-resource.cpp:32)
2018-10-02 11:20:07; cppcms, error: Caught exception [No such node (parameter.num_plates)]
 (http_context.cpp:336)
2018-10-02 11:21:19; cg-simulator, info: Listening to port 8088 (cg-simulator.cpp:23)
2018-10-02 11:21:21; cppcms_http, info: POST /simulator/langmuir (http_api.cpp:254)
2018-10-02 11:21:21; SimulatorResource, info: Mapped to /simulator relative to root resource. (simulator-resource.cpp:25)
2018-10-02 11:21:21; RootResource, info: Mapped to /cgs (root-resource.cpp:32)
2018-10-02 11:27:15; cg-simulator, info: Listening to port 8088 (cg-simulator.cpp:23)
2018-10-02 11:27:18; cppcms_http, info: GET /simulator (http_api.cpp:254)
2018-10-02 11:27:18; SimulatorResource, info: Mapped to /simulator relative to root resource. (simulator-resource.cpp:25)
2018-10-02 11:27:18; RootResource, info: Mapped to /cgs (root-resource.cpp:32)
2018-10-02 11:27:45; cppcms_http, info: GET /simulator/langmuir (http_api.cpp:254)
2018-10-02 11:37:59; cg-simulator, info: Listening to port 8088 (cg-simulator.cpp:23)
2018-10-02 11:38:02; cppcms_http, info: GET /simulator/langmuir (http_api.cpp:254)
2018-10-02 11:38:02; SimulatorResource, info: Mapped to /simulator relative to root resource. (simulator-resource.cpp:25)
2018-10-02 11:38:02; RootResource, info: Mapped to /cgs (root-resource.cpp:32)
2018-10-02 12:00:51; cg-simulator, info: Listening to port 8088 (cg-simulator.cpp:23)
2018-10-02 12:01:00; cppcms_http, info: GET /simulator/ (http_api.cpp:254)
2018-10-02 12:01:00; SimulatorResource, info: Mapped to /simulator relative to root resource. (simulator-resource.cpp:25)
2018-10-02 12:01:00; RootResource, info: Mapped to /cgs (root-resource.cpp:32)
2018-10-02 12:01:02; cppcms_http, info: GET /simulator (http_api.cpp:254)
2018-10-02 12:16:08; cg-simulator, info: Listening to port 8088 (cg-simulator.cpp:23)
2018-10-02 12:16:11; cppcms_http, info: POST /simulator/langmuir (http_api.cpp:254)
2018-10-02 12:16:11; SimulatorResource, info: Mapped to /simulator relative to root resource. (simulator-resource.cpp:25)
2018-10-02 12:16:11; RootResource, info: Mapped to /cgs (root-resource.cpp:32)
2018-10-02 18:02:57; cg-simulator, info: Listening to port 8088 (cg-simulator.cpp:23)
2018-10-02 18:03:03; cppcms_http, info: GET /simulator (http_api.cpp:254)
2018-10-02 18:03:03; SimulatorResource, info: Mapped to /simulator relative to root resource. (simulator-resource.cpp:25)
2018-10-02 18:03:03; RootResource, info: Mapped to /cgs (root-resource.cpp:32)
2018-10-02 18:03:09; cppcms_http, info: GET /simulator/langmuir (http_api.cpp:254)
2018-10-02 18:06:32; cg-simulator, info: Listening to port 8088 (cg-simulator.cpp:23)
2018-10-02 18:06:38; cppcms_http, info: GET /simulator/langmuir (http_api.cpp:254)
2018-10-02 18:06:38; SimulatorResource, info: Mapped to /simulator relative to root resource. (simulator-resource.cpp:25)
2018-10-02 18:06:38; RootResource, info: Mapped to /cgs (root-resource.cpp:32)
2018-10-02 18:06:44; cppcms_http, info: POST /simulator/langmuir (http_api.cpp:254)
2018-10-02 18:06:44; cppcms, error: Caught exception [No such node (parameters.compound.0.name)]
 (http_context.cpp:336)
2018-10-02 18:06:49; cppcms_http, info: POST /simulator/langmuir (http_api.cpp:254)
2018-10-02 18:06:49; cppcms, error: Caught exception [No such node (parameters.compound.0.name)]
 (http_context.cpp:336)
2018-10-02 18:09:45; cg-simulator, info: Listening to port 8088 (cg-simulator.cpp:23)
2018-10-02 18:09:48; cppcms_http, info: POST /simulator/langmuir (http_api.cpp:254)
2018-10-02 18:09:48; SimulatorResource, info: Mapped to /simulator relative to root resource. (simulator-resource.cpp:25)
2018-10-02 18:09:48; RootResource, info: Mapped to /cgs (root-resource.cpp:32)
2018-10-02 18:09:48; cppcms, error: Caught exception [No such node (parameters.compound.[0].name)]
 (http_context.cpp:336)
2018-10-02 18:20:11; cg-simulator, info: Listening to port 8088 (cg-simulator.cpp:23)
2018-10-02 18:20:18; cppcms_http, info: GET /simulator/langmuir (http_api.cpp:254)
2018-10-02 18:20:18; SimulatorResource, info: Mapped to /simulator relative to root resource. (simulator-resource.cpp:25)
2018-10-02 18:20:18; RootResource, info: Mapped to /cgs (root-resource.cpp:32)
2018-10-02 18:20:22; cppcms_http, info: GET /simulator (http_api.cpp:254)
2018-10-02 18:20:30; cppcms_http, info: POST /simulator/langmuir (http_api.cpp:254)
